<?xml version="1.0" encoding="utf-8"?><testsuites name="pytest tests"><testsuite name="pytest" errors="0" failures="1" skipped="0" tests="11" time="29.927" timestamp="2026-09-05T19:19:04.814804+00:00" hostname="agent-env-6d9b1b40-b15a-4947-a591-39d25462c421"><testcase classname="tests.test_machinery.TestNonMachineryRegression" name="test_risk_result_shape" time="23.701" /><testcase classname="tests.test_machinery.TestNonMachineryRegression" name="test_risk_machinery_is_null_or_absent" time="0.001"><failure message="AssertionError: non-machinery mode leaked machinery obj: {'machine_type': 'Forklift', 'brand': 'Toyota', 'model': '8FGCU25', 'identifiers': 'SN: 8FGCU25-12345', 'identification_confidence': 'High', 'manual_reference': 'Toyota Material Handling 8-Series Operator Manual', 'guarding_status': 'Unknown', 'isolation_note': 'Operator must implement positive isolation (keys out, park brake applied) before allowing pedestrian access to the machine.', 'spec_checks': ['AS 2359 Powered Industrial Trucks compliance check', 'AS/NZS 3000 Electrical installations compliance (if applicable to charging station)'], 'warranty_insurance_note': 'Ensure pre-start checks are completed daily to maintain plant compliance and insurance validity.', 'compliance_note': 'Plant must be operated strictly in accordance with AS 2359.1.', 'outcome': 'HAZARD'}&#10;assert ({'machine_type': 'Forklift', 'brand': 'Toyota', 'model': '8FGCU25', 'identifiers': 'SN: 8FGCU25-12345', ...} is None or {'machine_typ...5-12345', ...} == {}&#10;  &#10;  Left contains 12 more items:&#10;  {'brand': 'Toyota',&#10;   'compliance_note': 'Plant must be operated strictly in accordance with AS '&#10;                      '2359.1.',&#10;   'guarding_status': 'Unknown',&#10;   'identification_confidence': 'High',...&#10;  &#10;  ...Full output truncated (36 lines hidden), use '-vv' to show)">backend/tests/test_machinery.py:253: in test_risk_machinery_is_null_or_absent
    assert m is None or m == {}, f"non-machinery mode leaked machinery obj: {m}"
E   AssertionError: non-machinery mode leaked machinery obj: {'machine_type': 'Forklift', 'brand': 'Toyota', 'model': '8FGCU25', 'identifiers': 'SN: 8FGCU25-12345', 'identification_confidence': 'High', 'manual_reference': 'Toyota Material Handling 8-Series Operator Manual', 'guarding_status': 'Unknown', 'isolation_note': 'Operator must implement positive isolation (keys out, park brake applied) before allowing pedestrian access to the machine.', 'spec_checks': ['AS 2359 Powered Industrial Trucks compliance check', 'AS/NZS 3000 Electrical installations compliance (if applicable to charging station)'], 'warranty_insurance_note': 'Ensure pre-start checks are completed daily to maintain plant compliance and insurance validity.', 'compliance_note': 'Plant must be operated strictly in accordance with AS 2359.1.', 'outcome': 'HAZARD'}
E   assert ({'machine_type': 'Forklift', 'brand': 'Toyota', 'model': '8FGCU25', 'identifiers': 'SN: 8FGCU25-12345', ...} is None or {'machine_typ...5-12345', ...} == {}
E     
E     Left contains 12 more items:
E     {'brand': 'Toyota',
E      'compliance_note': 'Plant must be operated strictly in accordance with AS '
E                         '2359.1.',
E      'guarding_status': 'Unknown',
E      'identification_confidence': 'High',...
E     
E     ...Full output truncated (36 lines hidden), use '-vv' to show)</failure></testcase><testcase classname="tests.test_machinery.TestNonMachineryRegression" name="test_risk_does_not_create_equipment_or_incident" time="0.316" /><testcase classname="tests.test_machinery.TestNonMachineryRegression" name="test_risk_no_top_level_equipment_fields" time="0.000" /><testcase classname="tests.test_machinery.TestMachineryAssess" name="test_response_shape_and_top_level_fields" time="28.449" /><testcase classname="tests.test_machinery.TestMachineryAssess" name="test_machinery_object_keys" time="0.000" /><testcase classname="tests.test_machinery.TestMachineryAssess" name="test_persistence_get_assessment" time="0.134" /><testcase classname="tests.test_machinery.TestMachineryAssess" name="test_equipment_register_worker_sees_own" time="0.154" /><testcase classname="tests.test_machinery.TestMachineryAssess" name="test_equipment_register_officer_sees_all" time="0.593" /><testcase classname="tests.test_machinery.TestMachineryAssess" name="test_incident_autoraise_matches_outcome" time="0.171" /><testcase classname="tests.test_machinery.TestMachineryAssess" name="test_dashboard_equipment_counts" time="0.104" /></testsuite></testsuites>