<?xml version="1.0" encoding="utf-8"?><testsuites name="pytest tests"><testsuite name="pytest" errors="0" failures="1" skipped="0" tests="26" time="8.035" timestamp="2026-09-06T05:08:01.697577+00:00" hostname="agent-env-6d9b1b40-b15a-4947-a591-39d25462c421"><testcase classname="tests.test_admin_softdelete.TestSoftDelete" name="test_loto_owner_soft_delete" time="1.233" /><testcase classname="tests.test_admin_softdelete.TestAdminEndpoints" name="test_normal_jwt_rejected_users_list" time="0.878" /><testcase classname="tests.test_admin_softdelete.TestAdminEndpoints" name="test_officer_jwt_rejected" time="0.471" /><testcase classname="tests.test_admin_softdelete.TestSoftDelete" name="test_loto_non_owner_forbidden" time="0.927" /><testcase classname="tests.test_admin_softdelete.TestSoftDelete" name="test_incident_owner_soft_delete" time="0.544" /><testcase classname="tests.test_admin_softdelete.TestAdminEndpoints" name="test_list_users_no_password_hash" time="0.997" /><testcase classname="tests.test_admin_softdelete.TestAdminEndpoints" name="test_create_user_and_duplicate" time="0.362"><failure message="AssertionError: assert 'test_admin_add_1d9464@tk.com' == 'TEST_admin_add_1d9464@tk.com'&#10;  &#10;  - TEST_admin_add_1d9464@tk.com&#10;  ? ^^^^&#10;  + test_admin_add_1d9464@tk.com&#10;  ? ^^^^">tests/test_admin_softdelete.py:292: in test_create_user_and_duplicate
    assert r.json()["email"] == email
E   AssertionError: assert 'test_admin_add_1d9464@tk.com' == 'TEST_admin_add_1d9464@tk.com'
E     
E     - TEST_admin_add_1d9464@tk.com
E     ? ^^^^
E     + test_admin_add_1d9464@tk.com
E     ? ^^^^</failure></testcase><testcase classname="tests.test_admin_softdelete.TestSoftDelete" name="test_incident_non_owner_forbidden" time="0.370" /><testcase classname="tests.test_admin_softdelete.TestAdminEndpoints" name="test_change_role_valid_and_invalid" time="0.569" /><testcase classname="tests.test_admin_softdelete.TestSoftDelete" name="test_traffic_owner_soft_delete" time="0.345" /><testcase classname="tests.test_admin_softdelete.TestAdminEndpoints" name="test_admin_deleted_list" time="0.432" /><testcase classname="tests.test_admin_softdelete.TestSoftDelete" name="test_traffic_non_owner_forbidden" time="0.233" /><testcase classname="tests.test_admin_softdelete.TestSoftDelete" name="test_officer_can_delete_any_loto" time="0.796" /><testcase classname="tests.test_admin_softdelete.TestClearAll" name="test_clear_all_incidents_worker_only_own" time="1.475" /><testcase classname="tests.test_admin_softdelete.TestAdmin2FA" name="test_non_owner_cannot_request_otp" time="0.116" /><testcase classname="tests.test_admin_softdelete.TestAdmin2FA" name="test_officer_non_owner_cannot_request_otp" time="0.133" /><testcase classname="tests.test_admin_softdelete.TestAdmin2FA" name="test_owner_request_otp_ok_and_stored" time="0.696" /><testcase classname="tests.test_admin_softdelete.TestClearAll" name="test_clear_all_loto_returns_ok_cleared" time="0.351" /><testcase classname="tests.test_admin_softdelete.TestAdmin2FA" name="test_wrong_otp_401" time="0.401" /><testcase classname="tests.test_admin_softdelete.TestClearAll" name="test_clear_all_assessments_ok" time="0.113" /><testcase classname="tests.test_admin_softdelete.TestClearAll" name="test_clear_all_equipment_ok" time="0.120" /><testcase classname="tests.test_admin_softdelete.TestClearAll" name="test_clear_all_unknown_module_404" time="0.115" /><testcase classname="tests.test_admin_softdelete.TestAdmin2FA" name="test_correct_otp_returns_admin_token" time="0.506" /><testcase classname="tests.test_admin_softdelete.TestDashboardRegression" name="test_dashboard_has_equipment_fields" time="0.136" /><testcase classname="tests.test_admin_softdelete.TestRestoreFlow" name="test_soft_delete_then_restore_incident" time="1.181" /><testcase classname="tests.test_admin_softdelete.TestRestoreFlow" name="test_restore_unknown_collection_404" time="0.122" /></testsuite></testsuites>