<?xml version="1.0" encoding="utf-8"?><testsuites name="pytest tests"><testsuite name="pytest" errors="0" failures="0" skipped="0" tests="69" time="56.565" timestamp="2026-09-06T05:51:46.492342+00:00" hostname="agent-env-6d9b1b40-b15a-4947-a591-39d25462c421"><testcase classname="tests.test_security.TestSEC001Registration" name="test_worker_registers_no_code" time="0.584" /><testcase classname="tests.test_admin_softdelete.TestSoftDelete" name="test_loto_owner_soft_delete" time="1.061" /><testcase classname="tests.test_security.TestSEC001Registration" name="test_contractor_registers_no_code" time="0.379" /><testcase classname="tests.test_security.TestSEC001Registration" name="test_safety_officer_without_code_forbidden" time="0.152" /><testcase classname="tests.test_security.TestSEC001Registration" name="test_supervisor_without_code_forbidden" time="0.109" /><testcase classname="tests.test_security.TestSEC001Registration" name="test_safety_officer_with_code_succeeds" time="0.509" /><testcase classname="tests.test_admin_softdelete.TestSoftDelete" name="test_loto_non_owner_forbidden" time="0.785" /><testcase classname="tests.test_security.TestSEC001Registration" name="test_supervisor_with_code_succeeds" time="0.384" /><testcase classname="tests.test_admin_softdelete.TestSoftDelete" name="test_incident_owner_soft_delete" time="0.610" /><testcase classname="tests.test_security.TestSEC001Registration" name="test_invalid_role_falls_back_to_worker" time="0.374" /><testcase classname="tests.test_admin_softdelete.TestSoftDelete" name="test_incident_non_owner_forbidden" time="0.240" /><testcase classname="tests.test_security.TestSEC001Registration" name="test_wrong_access_code_is_forbidden" time="0.113" /><testcase classname="tests.test_admin_softdelete.TestSoftDelete" name="test_traffic_owner_soft_delete" time="0.527" /><testcase classname="tests.test_admin_softdelete.TestSoftDelete" name="test_traffic_non_owner_forbidden" time="0.220" /><testcase classname="tests.test_admin_softdelete.TestSoftDelete" name="test_officer_can_delete_any_loto" time="0.556" /><testcase classname="tests.test_security.TestRegression" name="test_health" time="0.112" /><testcase classname="tests.test_security.TestRegression" name="test_login_me" time="0.470" /><testcase classname="tests.test_security.TestRegression" name="test_dashboard" time="0.467" /><testcase classname="tests.test_security.TestRegression" name="test_traffic_flow" time="0.253" /><testcase classname="tests.test_security.TestRegression" name="test_access_signin_signout" time="0.380" /><testcase classname="tests.test_security.TestRegression" name="test_visitor_access" time="0.114" /><testcase classname="tests.test_admin_softdelete.TestAdminEndpoints" name="test_normal_jwt_rejected_users_list" time="0.109" /><testcase classname="tests.test_admin_softdelete.TestAdminEndpoints" name="test_officer_jwt_rejected" time="0.113" /><testcase classname="tests.test_admin_softdelete.TestAdminEndpoints" name="test_list_users_no_password_hash" time="0.763" /><testcase classname="tests.test_admin_softdelete.TestAdminEndpoints" name="test_create_user_and_duplicate" time="0.448" /><testcase classname="tests.test_admin_softdelete.TestAdminEndpoints" name="test_change_role_valid_and_invalid" time="0.579" /><testcase classname="tests.test_admin_softdelete.TestAdminEndpoints" name="test_admin_deleted_list" time="0.341" /><testcase classname="tests.test_security.TestSEC002bIncidents" name="test_non_owner_forbidden" time="0.672" /><testcase classname="tests.test_security.TestSEC002bIncidents" name="test_owner_can_close" time="0.223" /><testcase classname="tests.test_security.TestSEC002bIncidents" name="test_officer_can_close_any" time="0.248" /><testcase classname="tests.test_security.TestSEC002bIncidents" name="test_invalid_status_422" time="0.228" /><testcase classname="tests.test_security.TestSEC002bIncidents" name="test_missing_incident_404" time="0.113" /><testcase classname="tests.test_admin_softdelete.TestClearAll" name="test_clear_all_incidents_worker_only_own" time="0.629" /><testcase classname="tests.test_admin_softdelete.TestClearAll" name="test_clear_all_loto_returns_ok_cleared" time="0.335" /><testcase classname="tests.test_admin_softdelete.TestClearAll" name="test_clear_all_assessments_ok" time="0.117" /><testcase classname="tests.test_admin_softdelete.TestClearAll" name="test_clear_all_equipment_ok" time="0.115" /><testcase classname="tests.test_admin_softdelete.TestClearAll" name="test_clear_all_unknown_module_404" time="0.117" /><testcase classname="tests.test_admin_softdelete.TestAdmin2FA" name="test_non_owner_cannot_request_otp" time="0.115" /><testcase classname="tests.test_admin_softdelete.TestAdmin2FA" name="test_officer_non_owner_cannot_request_otp" time="0.115" /><testcase classname="tests.test_admin_softdelete.TestAdmin2FA" name="test_owner_request_otp_ok_and_stored" time="0.249" /><testcase classname="tests.test_admin_softdelete.TestAdmin2FA" name="test_wrong_otp_401" time="0.326" /><testcase classname="tests.test_admin_softdelete.TestAdmin2FA" name="test_correct_otp_returns_admin_token" time="0.321" /><testcase classname="tests.test_security.TestSEC002aLoto" name="test_owner_can_release_own" time="0.238" /><testcase classname="tests.test_security.TestSEC002aLoto" name="test_other_worker_forbidden" time="0.346" /><testcase classname="tests.test_security.TestSEC002aLoto" name="test_safety_officer_can_release_any" time="0.230" /><testcase classname="tests.test_security.TestSEC002aLoto" name="test_invalid_status_422" time="0.227" /><testcase classname="tests.test_security.TestSEC003Files" name="test_owner_can_read" time="22.871" /><testcase classname="tests.test_security.TestSEC003Files" name="test_other_worker_forbidden" time="0.559" /><testcase classname="tests.test_security.TestSEC003Files" name="test_officer_can_read" time="0.602" /><testcase classname="tests.test_security.TestSEC003Files" name="test_traversal_dotdot_rejected" time="0.110" /><testcase classname="tests.test_security.TestSEC003Files" name="test_non_app_prefix_rejected" time="0.118" /><testcase classname="tests.test_security.TestSEC003Files" name="test_missing_auth_401" time="0.144" /><testcase classname="tests.test_password_reset.TestResetPasswordValidation" name="test_reset_without_prior_request_returns_400" time="0.111" /><testcase classname="tests.test_password_reset.TestResetPasswordValidation" name="test_new_password_too_short_returns_422" time="0.340" /><testcase classname="tests.test_password_reset.TestResetPasswordValidation" name="test_wrong_code_401_and_lockout_after_5" time="0.769" /><testcase classname="tests.test_password_reset.TestResetPasswordValidation" name="test_expired_code_returns_400" time="0.480" /><testcase classname="tests.test_password_reset.TestAuthRegression" name="test_worker_register_no_code_ok" time="0.283" /><testcase classname="tests.test_password_reset.TestAuthRegression" name="test_officer_register_needs_code" time="0.337" /><testcase classname="tests.test_password_reset.TestAuthRegression" name="test_seed_accounts_login_and_me" time="1.017" /><testcase classname="tests.test_password_reset.TestForgotPassword" name="test_forgot_password_existing_user_creates_reset_record" time="0.444" /><testcase classname="tests.test_password_reset.TestForgotPassword" name="test_forgot_password_nonexistent_user_returns_ok_and_no_record" time="0.057" /><testcase classname="tests.test_admin_softdelete.TestRestoreFlow" name="test_soft_delete_then_restore_incident" time="1.715" /><testcase classname="tests.test_admin_softdelete.TestRestoreFlow" name="test_restore_unknown_collection_404" time="0.113" /><testcase classname="tests.test_password_reset.TestResetPasswordHappyPath" name="test_full_reset_flow" time="1.380" /><testcase classname="tests.test_admin_softdelete.TestDashboardRegression" name="test_dashboard_has_equipment_fields" time="0.457" /><testcase classname="tests.test_security.TestAssessmentVisibility" name="test_worker_sees_own_only" time="42.556" /><testcase classname="tests.test_security.TestAssessmentVisibility" name="test_officer_sees_all" time="0.237" /><testcase classname="tests.test_security.TestAssessmentVisibility" name="test_worker_cannot_approve" time="0.112" /><testcase classname="tests.test_security.TestAssessmentVisibility" name="test_officer_can_approve" time="0.112" /></testsuite></testsuites>