<?xml version="1.0" encoding="utf-8"?><testsuites name="pytest tests"><testsuite name="pytest" errors="0" failures="0" skipped="0" tests="69" time="56.995" timestamp="2026-09-06T05:44:20.192973+00:00" hostname="agent-env-6d9b1b40-b15a-4947-a591-39d25462c421"><testcase classname="tests.test_security.TestSEC001Registration" name="test_worker_registers_no_code" time="0.614" /><testcase classname="tests.test_admin_softdelete.TestSoftDelete" name="test_loto_owner_soft_delete" time="1.078" /><testcase classname="tests.test_security.TestSEC001Registration" name="test_contractor_registers_no_code" time="0.342" /><testcase classname="tests.test_security.TestSEC001Registration" name="test_safety_officer_without_code_forbidden" time="0.119" /><testcase classname="tests.test_security.TestSEC001Registration" name="test_supervisor_without_code_forbidden" time="0.223" /><testcase classname="tests.test_security.TestSEC001Registration" name="test_safety_officer_with_code_succeeds" time="0.449" /><testcase classname="tests.test_admin_softdelete.TestSoftDelete" name="test_loto_non_owner_forbidden" time="0.782" /><testcase classname="tests.test_security.TestSEC001Registration" name="test_supervisor_with_code_succeeds" time="0.380" /><testcase classname="tests.test_admin_softdelete.TestSoftDelete" name="test_incident_owner_soft_delete" time="0.607" /><testcase classname="tests.test_security.TestSEC001Registration" name="test_invalid_role_falls_back_to_worker" time="0.375" /><testcase classname="tests.test_admin_softdelete.TestSoftDelete" name="test_incident_non_owner_forbidden" time="0.272" /><testcase classname="tests.test_security.TestSEC001Registration" name="test_wrong_access_code_is_forbidden" time="0.154" /><testcase classname="tests.test_admin_softdelete.TestSoftDelete" name="test_traffic_owner_soft_delete" time="0.568" /><testcase classname="tests.test_admin_softdelete.TestSoftDelete" name="test_traffic_non_owner_forbidden" time="0.228" /><testcase classname="tests.test_admin_softdelete.TestSoftDelete" name="test_officer_can_delete_any_loto" time="0.575" /><testcase classname="tests.test_security.TestRegression" name="test_health" time="0.109" /><testcase classname="tests.test_security.TestRegression" name="test_login_me" time="0.448" /><testcase classname="tests.test_security.TestRegression" name="test_dashboard" time="0.472" /><testcase classname="tests.test_security.TestRegression" name="test_traffic_flow" time="0.235" /><testcase classname="tests.test_security.TestRegression" name="test_access_signin_signout" time="0.351" /><testcase classname="tests.test_security.TestRegression" name="test_visitor_access" time="0.113" /><testcase classname="tests.test_admin_softdelete.TestAdminEndpoints" name="test_normal_jwt_rejected_users_list" time="0.113" /><testcase classname="tests.test_admin_softdelete.TestAdminEndpoints" name="test_officer_jwt_rejected" time="0.115" /><testcase classname="tests.test_admin_softdelete.TestAdminEndpoints" name="test_list_users_no_password_hash" time="0.920" /><testcase classname="tests.test_admin_softdelete.TestAdminEndpoints" name="test_create_user_and_duplicate" time="0.460" /><testcase classname="tests.test_admin_softdelete.TestAdminEndpoints" name="test_change_role_valid_and_invalid" time="0.588" /><testcase classname="tests.test_admin_softdelete.TestAdminEndpoints" name="test_admin_deleted_list" time="0.357" /><testcase classname="tests.test_security.TestSEC002bIncidents" name="test_non_owner_forbidden" time="0.662" /><testcase classname="tests.test_security.TestSEC002bIncidents" name="test_owner_can_close" time="0.232" /><testcase classname="tests.test_security.TestSEC002bIncidents" name="test_officer_can_close_any" time="0.225" /><testcase classname="tests.test_security.TestSEC002bIncidents" name="test_invalid_status_422" time="0.235" /><testcase classname="tests.test_security.TestSEC002bIncidents" name="test_missing_incident_404" time="0.116" /><testcase classname="tests.test_admin_softdelete.TestClearAll" name="test_clear_all_incidents_worker_only_own" time="0.619" /><testcase classname="tests.test_admin_softdelete.TestClearAll" name="test_clear_all_loto_returns_ok_cleared" time="0.402" /><testcase classname="tests.test_admin_softdelete.TestClearAll" name="test_clear_all_assessments_ok" time="0.114" /><testcase classname="tests.test_admin_softdelete.TestClearAll" name="test_clear_all_equipment_ok" time="0.107" /><testcase classname="tests.test_admin_softdelete.TestClearAll" name="test_clear_all_unknown_module_404" time="0.113" /><testcase classname="tests.test_admin_softdelete.TestAdmin2FA" name="test_non_owner_cannot_request_otp" time="0.114" /><testcase classname="tests.test_admin_softdelete.TestAdmin2FA" name="test_officer_non_owner_cannot_request_otp" time="0.111" /><testcase classname="tests.test_admin_softdelete.TestAdmin2FA" name="test_owner_request_otp_ok_and_stored" time="0.319" /><testcase classname="tests.test_admin_softdelete.TestAdmin2FA" name="test_wrong_otp_401" time="0.399" /><testcase classname="tests.test_admin_softdelete.TestAdmin2FA" name="test_correct_otp_returns_admin_token" time="0.405" /><testcase classname="tests.test_password_reset.TestResetPasswordValidation" name="test_reset_without_prior_request_returns_400" time="0.118" /><testcase classname="tests.test_password_reset.TestResetPasswordValidation" name="test_new_password_too_short_returns_422" time="0.346" /><testcase classname="tests.test_password_reset.TestResetPasswordValidation" name="test_wrong_code_401_and_lockout_after_5" time="0.907" /><testcase classname="tests.test_password_reset.TestResetPasswordValidation" name="test_expired_code_returns_400" time="0.591" /><testcase classname="tests.test_security.TestSEC002aLoto" name="test_owner_can_release_own" time="0.224" /><testcase classname="tests.test_security.TestSEC002aLoto" name="test_other_worker_forbidden" time="0.356" /><testcase classname="tests.test_security.TestSEC002aLoto" name="test_safety_officer_can_release_any" time="0.250" /><testcase classname="tests.test_security.TestSEC002aLoto" name="test_invalid_status_422" time="0.244" /><testcase classname="tests.test_security.TestSEC003Files" name="test_owner_can_read" time="22.930" /><testcase classname="tests.test_security.TestSEC003Files" name="test_other_worker_forbidden" time="0.570" /><testcase classname="tests.test_security.TestSEC003Files" name="test_officer_can_read" time="0.746" /><testcase classname="tests.test_security.TestSEC003Files" name="test_traversal_dotdot_rejected" time="0.113" /><testcase classname="tests.test_security.TestSEC003Files" name="test_non_app_prefix_rejected" time="0.114" /><testcase classname="tests.test_security.TestSEC003Files" name="test_missing_auth_401" time="0.112" /><testcase classname="tests.test_password_reset.TestAuthRegression" name="test_worker_register_no_code_ok" time="0.345" /><testcase classname="tests.test_password_reset.TestAuthRegression" name="test_officer_register_needs_code" time="0.355" /><testcase classname="tests.test_password_reset.TestAuthRegression" name="test_seed_accounts_login_and_me" time="1.046" /><testcase classname="tests.test_password_reset.TestForgotPassword" name="test_forgot_password_existing_user_creates_reset_record" time="0.522" /><testcase classname="tests.test_password_reset.TestForgotPassword" name="test_forgot_password_nonexistent_user_returns_ok_and_no_record" time="0.064" /><testcase classname="tests.test_admin_softdelete.TestRestoreFlow" name="test_soft_delete_then_restore_incident" time="1.819" /><testcase classname="tests.test_admin_softdelete.TestRestoreFlow" name="test_restore_unknown_collection_404" time="0.108" /><testcase classname="tests.test_password_reset.TestResetPasswordHappyPath" name="test_full_reset_flow" time="1.440" /><testcase classname="tests.test_admin_softdelete.TestDashboardRegression" name="test_dashboard_has_equipment_fields" time="0.464" /><testcase classname="tests.test_security.TestAssessmentVisibility" name="test_worker_sees_own_only" time="38.429" /><testcase classname="tests.test_security.TestAssessmentVisibility" name="test_officer_sees_all" time="0.569" /><testcase classname="tests.test_security.TestAssessmentVisibility" name="test_worker_cannot_approve" time="0.192" /><testcase classname="tests.test_security.TestAssessmentVisibility" name="test_officer_can_approve" time="1.760" /></testsuite></testsuites>