<?xml version="1.0" encoding="utf-8"?><testsuites name="pytest tests"><testsuite name="pytest" errors="0" failures="0" skipped="0" tests="33" time="50.737" timestamp="2026-09-06T22:46:01.952492+00:00" hostname="agent-env-6d9b1b40-b15a-4947-a591-39d25462c421"><testcase classname="tests.test_security.TestSEC001Registration" name="test_worker_registers_no_code" time="0.370" /><testcase classname="tests.test_security.TestSEC001Registration" name="test_contractor_registers_no_code" time="0.442" /><testcase classname="tests.test_security.TestSEC001Registration" name="test_safety_officer_without_code_forbidden" time="0.134" /><testcase classname="tests.test_security.TestSEC001Registration" name="test_supervisor_without_code_forbidden" time="0.133" /><testcase classname="tests.test_security.TestSEC001Registration" name="test_safety_officer_with_code_succeeds" time="0.394" /><testcase classname="tests.test_security.TestSEC001Registration" name="test_supervisor_with_code_succeeds" time="0.387" /><testcase classname="tests.test_security.TestSEC001Registration" name="test_invalid_role_falls_back_to_worker" time="0.366" /><testcase classname="tests.test_security.TestSEC001Registration" name="test_wrong_access_code_is_forbidden" time="0.118" /><testcase classname="tests.test_security.TestRegression" name="test_health" time="0.125" /><testcase classname="tests.test_security.TestRegression" name="test_login_me" time="0.461" /><testcase classname="tests.test_security.TestRegression" name="test_dashboard" time="0.455" /><testcase classname="tests.test_security.TestRegression" name="test_traffic_flow" time="0.265" /><testcase classname="tests.test_security.TestRegression" name="test_access_signin_signout" time="0.352" /><testcase classname="tests.test_security.TestRegression" name="test_visitor_access" time="0.201" /><testcase classname="tests.test_security.TestSEC002bIncidents" name="test_non_owner_forbidden" time="0.686" /><testcase classname="tests.test_security.TestSEC002bIncidents" name="test_owner_can_close" time="0.293" /><testcase classname="tests.test_security.TestSEC002bIncidents" name="test_officer_can_close_any" time="0.243" /><testcase classname="tests.test_security.TestSEC002bIncidents" name="test_invalid_status_422" time="0.231" /><testcase classname="tests.test_security.TestSEC002bIncidents" name="test_missing_incident_404" time="0.116" /><testcase classname="tests.test_security.TestSEC002aLoto" name="test_owner_can_release_own" time="0.239" /><testcase classname="tests.test_security.TestSEC002aLoto" name="test_other_worker_forbidden" time="0.364" /><testcase classname="tests.test_security.TestSEC002aLoto" name="test_safety_officer_can_release_any" time="0.263" /><testcase classname="tests.test_security.TestSEC002aLoto" name="test_invalid_status_422" time="0.243" /><testcase classname="tests.test_security.TestSEC003Files" name="test_owner_can_read" time="18.471" /><testcase classname="tests.test_security.TestSEC003Files" name="test_other_worker_forbidden" time="0.629" /><testcase classname="tests.test_security.TestSEC003Files" name="test_officer_can_read" time="0.633" /><testcase classname="tests.test_security.TestSEC003Files" name="test_traversal_dotdot_rejected" time="0.116" /><testcase classname="tests.test_security.TestSEC003Files" name="test_non_app_prefix_rejected" time="0.123" /><testcase classname="tests.test_security.TestSEC003Files" name="test_missing_auth_401" time="0.146" /><testcase classname="tests.test_security.TestAssessmentVisibility" name="test_worker_sees_own_only" time="42.981" /><testcase classname="tests.test_security.TestAssessmentVisibility" name="test_officer_sees_all" time="0.255" /><testcase classname="tests.test_security.TestAssessmentVisibility" name="test_worker_cannot_approve" time="0.133" /><testcase classname="tests.test_security.TestAssessmentVisibility" name="test_officer_can_approve" time="0.125" /></testsuite></testsuites>