<?xml version="1.0" encoding="utf-8"?><testsuites name="pytest tests"><testsuite name="pytest" errors="0" failures="0" skipped="0" tests="16" time="3.231" timestamp="2026-09-07T10:14:03.256739+00:00" hostname="agent-env-6d9b1b40-b15a-4947-a591-39d25462c421"><testcase classname="tests.test_iter13_email_report.TestAssessmentsRegression" name="test_list_assessments" time="0.764" /><testcase classname="tests.test_iter13_email_report.TestEmailAssessment" name="test_email_without_auth_401" time="0.742" /><testcase classname="tests.test_iter13_email_report.TestEmailAssessment" name="test_email_invalid_address_422" time="0.121" /><testcase classname="tests.test_iter13_email_report.TestEmailAssessment" name="test_email_unknown_assessment_404" time="0.126" /><testcase classname="tests.test_iter13_email_report.TestAssessmentsRegression" name="test_get_assessment" time="0.321" /><testcase classname="tests.test_iter13_email_report.TestEmailAssessment" name="test_email_success_returns_ok_and_id" time="0.395" /><testcase classname="tests.test_iter13_email_report.TestAssessmentsRegression" name="test_get_unknown_assessment_404" time="0.177" /><testcase classname="tests.test_iter13_email_report.TestAssessmentsRegression" name="test_approve_requires_privileged_role" time="0.625" /><testcase classname="tests.test_iter13_email_report.TestEmailAssessment" name="test_worker_cannot_email_safety_officers_assessment" time="0.670" /><testcase classname="tests.test_iter13_email_report.TestDashboardRegression" name="test_dashboard_shape" time="0.169" /><testcase classname="tests.test_iter13_email_report.TestRiskTemplatesRegression" name="test_list_requires_auth" time="0.143" /><testcase classname="tests.test_iter13_email_report.TestDashboardRegression" name="test_dashboard_requires_auth" time="0.120" /><testcase classname="tests.test_iter13_email_report.TestAuthLogin" name="test_login_returns_token_field" time="0.388" /><testcase classname="tests.test_iter13_email_report.TestRiskTemplatesRegression" name="test_list_returns_seeded_templates" time="0.331" /><testcase classname="tests.test_iter13_email_report.TestRiskTemplatesRegression" name="test_get_template_detail" time="0.269" /><testcase classname="tests.test_iter13_email_report.TestRiskTemplatesRegression" name="test_get_unknown_template_404" time="0.121" /></testsuite></testsuites>