<?xml version="1.0" encoding="utf-8"?><testsuites name="pytest tests"><testsuite name="pytest" errors="0" failures="0" skipped="0" tests="10" time="5.375" timestamp="2026-09-06T05:33:43.760458+00:00" hostname="agent-env-6d9b1b40-b15a-4947-a591-39d25462c421"><testcase classname="tests.test_password_reset.TestAuthRegression" name="test_worker_register_no_code_ok" time="0.390" /><testcase classname="tests.test_password_reset.TestResetPasswordValidation" name="test_reset_without_prior_request_returns_400" time="0.390" /><testcase classname="tests.test_password_reset.TestAuthRegression" name="test_officer_register_needs_code" time="0.508" /><testcase classname="tests.test_password_reset.TestResetPasswordValidation" name="test_new_password_too_short_returns_422" time="0.511" /><testcase classname="tests.test_password_reset.TestAuthRegression" name="test_seed_accounts_login_and_me" time="1.183" /><testcase classname="tests.test_password_reset.TestResetPasswordValidation" name="test_wrong_code_401_and_lockout_after_5" time="1.731" /><testcase classname="tests.test_password_reset.TestForgotPassword" name="test_forgot_password_existing_user_creates_reset_record" time="0.550" /><testcase classname="tests.test_password_reset.TestForgotPassword" name="test_forgot_password_nonexistent_user_returns_ok_and_no_record" time="0.284" /><testcase classname="tests.test_password_reset.TestResetPasswordValidation" name="test_expired_code_returns_400" time="0.574" /><testcase classname="tests.test_password_reset.TestResetPasswordHappyPath" name="test_full_reset_flow" time="1.518" /></testsuite></testsuites>