<?xml version="1.0" encoding="utf-8"?><testsuites name="pytest tests"><testsuite name="pytest" errors="0" failures="0" skipped="0" tests="59" time="105.584" timestamp="2026-09-06T05:08:19.376078+00:00" hostname="agent-env-6d9b1b40-b15a-4947-a591-39d25462c421"><testcase classname="tests.test_security.TestSEC001Registration" name="test_worker_registers_no_code" time="0.366" /><testcase classname="tests.test_security.TestSEC001Registration" name="test_contractor_registers_no_code" time="0.445" /><testcase classname="tests.test_admin_softdelete.TestSoftDelete" name="test_loto_owner_soft_delete" time="1.054" /><testcase classname="tests.test_security.TestSEC001Registration" name="test_safety_officer_without_code_forbidden" time="0.118" /><testcase classname="tests.test_security.TestSEC001Registration" name="test_supervisor_without_code_forbidden" time="0.141" /><testcase classname="tests.test_security.TestSEC001Registration" name="test_safety_officer_with_code_succeeds" time="0.341" /><testcase classname="tests.test_security.TestSEC001Registration" name="test_supervisor_with_code_succeeds" time="0.445" /><testcase classname="tests.test_admin_softdelete.TestSoftDelete" name="test_loto_non_owner_forbidden" time="1.137" /><testcase classname="tests.test_security.TestSEC001Registration" name="test_invalid_role_falls_back_to_worker" time="0.332" /><testcase classname="tests.test_security.TestSEC001Registration" name="test_wrong_access_code_is_forbidden" time="0.175" /><testcase classname="tests.test_admin_softdelete.TestSoftDelete" name="test_incident_owner_soft_delete" time="0.515" /><testcase classname="tests.test_admin_softdelete.TestAdminEndpoints" name="test_normal_jwt_rejected_users_list" time="0.463" /><testcase classname="tests.test_admin_softdelete.TestSoftDelete" name="test_incident_non_owner_forbidden" time="0.224" /><testcase classname="tests.test_admin_softdelete.TestSoftDelete" name="test_traffic_owner_soft_delete" time="0.697" /><testcase classname="tests.test_admin_softdelete.TestAdminEndpoints" name="test_officer_jwt_rejected" time="0.466" /><testcase classname="tests.test_admin_softdelete.TestSoftDelete" name="test_traffic_non_owner_forbidden" time="0.224" /><testcase classname="tests.test_admin_softdelete.TestAdminEndpoints" name="test_list_users_no_password_hash" time="1.028" /><testcase classname="tests.test_admin_softdelete.TestSoftDelete" name="test_officer_can_delete_any_loto" time="0.809" /><testcase classname="tests.test_admin_softdelete.TestAdminEndpoints" name="test_create_user_and_duplicate" time="0.450" /><testcase classname="tests.test_admin_softdelete.TestAdminEndpoints" name="test_change_role_valid_and_invalid" time="0.723" /><testcase classname="tests.test_admin_softdelete.TestAdminEndpoints" name="test_admin_deleted_list" time="0.382" /><testcase classname="tests.test_security.TestRegression" name="test_health" time="0.112" /><testcase classname="tests.test_security.TestRegression" name="test_login_me" time="0.453" /><testcase classname="tests.test_security.TestRegression" name="test_dashboard" time="0.489" /><testcase classname="tests.test_security.TestRegression" name="test_traffic_flow" time="0.233" /><testcase classname="tests.test_security.TestRegression" name="test_access_signin_signout" time="0.361" /><testcase classname="tests.test_security.TestRegression" name="test_visitor_access" time="0.137" /><testcase classname="tests.test_admin_softdelete.TestClearAll" name="test_clear_all_incidents_worker_only_own" time="50.603" /><testcase classname="tests.test_security.TestSEC003Files" name="test_owner_can_read" time="52.708" /><testcase classname="tests.test_security.TestSEC003Files" name="test_other_worker_forbidden" time="0.567" /><testcase classname="tests.test_security.TestSEC003Files" name="test_officer_can_read" time="0.580" /><testcase classname="tests.test_admin_softdelete.TestClearAll" name="test_clear_all_loto_returns_ok_cleared" time="2.430" /><testcase classname="tests.test_security.TestSEC003Files" name="test_traversal_dotdot_rejected" time="0.134" /><testcase classname="tests.test_security.TestSEC003Files" name="test_non_app_prefix_rejected" time="0.130" /><testcase classname="tests.test_security.TestSEC003Files" name="test_missing_auth_401" time="0.142" /><testcase classname="tests.test_admin_softdelete.TestAdmin2FA" name="test_non_owner_cannot_request_otp" time="0.157" /><testcase classname="tests.test_admin_softdelete.TestAdmin2FA" name="test_officer_non_owner_cannot_request_otp" time="0.113" /><testcase classname="tests.test_admin_softdelete.TestAdmin2FA" name="test_owner_request_otp_ok_and_stored" time="0.680" /><testcase classname="tests.test_admin_softdelete.TestAdmin2FA" name="test_wrong_otp_401" time="0.419" /><testcase classname="tests.test_admin_softdelete.TestAdmin2FA" name="test_correct_otp_returns_admin_token" time="0.535" /><testcase classname="tests.test_admin_softdelete.TestClearAll" name="test_clear_all_assessments_ok" time="0.123" /><testcase classname="tests.test_admin_softdelete.TestClearAll" name="test_clear_all_equipment_ok" time="0.141" /><testcase classname="tests.test_security.TestSEC002bIncidents" name="test_non_owner_forbidden" time="0.279" /><testcase classname="tests.test_admin_softdelete.TestClearAll" name="test_clear_all_unknown_module_404" time="0.117" /><testcase classname="tests.test_security.TestSEC002aLoto" name="test_owner_can_release_own" time="15.343" /><testcase classname="tests.test_security.TestSEC002bIncidents" name="test_owner_can_close" time="0.368" /><testcase classname="tests.test_security.TestSEC002bIncidents" name="test_officer_can_close_any" time="0.231" /><testcase classname="tests.test_security.TestSEC002bIncidents" name="test_invalid_status_422" time="0.228" /><testcase classname="tests.test_security.TestSEC002bIncidents" name="test_missing_incident_404" time="0.124" /><testcase classname="tests.test_security.TestSEC002aLoto" name="test_other_worker_forbidden" time="0.836" /><testcase classname="tests.test_security.TestSEC002aLoto" name="test_safety_officer_can_release_any" time="0.252" /><testcase classname="tests.test_security.TestSEC002aLoto" name="test_invalid_status_422" time="0.236" /><testcase classname="tests.test_admin_softdelete.TestRestoreFlow" name="test_soft_delete_then_restore_incident" time="0.748" /><testcase classname="tests.test_admin_softdelete.TestRestoreFlow" name="test_restore_unknown_collection_404" time="0.121" /><testcase classname="tests.test_admin_softdelete.TestDashboardRegression" name="test_dashboard_has_equipment_fields" time="0.143" /><testcase classname="tests.test_security.TestAssessmentVisibility" name="test_worker_sees_own_only" time="42.601" /><testcase classname="tests.test_security.TestAssessmentVisibility" name="test_officer_sees_all" time="0.231" /><testcase classname="tests.test_security.TestAssessmentVisibility" name="test_worker_cannot_approve" time="0.109" /><testcase classname="tests.test_security.TestAssessmentVisibility" name="test_officer_can_approve" time="0.137" /></testsuite></testsuites>