<?xml version="1.0" encoding="utf-8"?><testsuites name="pytest tests"><testsuite name="pytest" errors="0" failures="0" skipped="0" tests="11" time="10.438" timestamp="2026-09-06T22:45:41.732806+00:00" hostname="agent-env-6d9b1b40-b15a-4947-a591-39d25462c421"><testcase classname="tests.test_new_features.TestDeleteAccess" name="test_unknown_id_404" time="0.763" /><testcase classname="tests.test_new_features.TestDeleteEquipment" name="test_unknown_id_404" time="0.911" /><testcase classname="tests.test_new_features.TestDeleteAccess" name="test_non_owner_non_privileged_forbidden" time="1.069" /><testcase classname="tests.test_new_features.TestDeleteEquipment" name="test_non_owner_non_privileged_forbidden" time="0.839" /><testcase classname="tests.test_new_features.TestDeleteEquipment" name="test_owner_can_delete" time="0.291" /><testcase classname="tests.test_new_features.TestDeleteAccess" name="test_owner_can_delete_and_list_excludes" time="0.925" /><testcase classname="tests.test_new_features.TestDeleteEquipment" name="test_officer_can_delete_any" time="0.623" /><testcase classname="tests.test_new_features.TestSupportChat" name="test_requires_auth" time="0.117" /><testcase classname="tests.test_new_features.TestSupportChat" name="test_reply_non_empty" time="7.242" /><testcase classname="tests.test_new_features.TestDeleteAccess" name="test_officer_can_delete_any" time="0.791" /><testcase classname="tests.test_new_features.TestDashboardRegression" name="test_dashboard_ok" time="0.196" /></testsuite></testsuites>