<?xml version="1.0" encoding="utf-8"?><testsuites name="pytest tests"><testsuite name="pytest" errors="0" failures="0" skipped="0" tests="10" time="5.298" timestamp="2026-09-06T05:51:36.942932+00:00" hostname="agent-env-6d9b1b40-b15a-4947-a591-39d25462c421"><testcase classname="tests.test_change_pw_and_delete.TestDeleteAccount" name="test_delete_account_wrong_password_returns_401_and_account_still_usable" time="1.859" /><testcase classname="tests.test_change_pw_and_delete.TestChangePassword" name="test_change_password_success_then_login_flow" time="2.080" /><testcase classname="tests.test_change_pw_and_delete.TestDeleteAccount" name="test_delete_account_success_then_token_and_login_blocked_and_email_reusable" time="2.006" /><testcase classname="tests.test_change_pw_and_delete.TestChangePassword" name="test_change_password_wrong_current_returns_401" time="1.229" /><testcase classname="tests.test_change_pw_and_delete.TestChangePassword" name="test_change_password_short_new_returns_422" time="0.553" /><testcase classname="tests.test_change_pw_and_delete.TestChangePassword" name="test_change_password_no_auth_returns_401" time="0.117" /><testcase classname="tests.test_change_pw_and_delete.TestDeleteAccount" name="test_delete_account_no_auth_returns_401" time="0.117" /><testcase classname="tests.test_change_pw_and_delete.TestSharedAccountsIntact" name="test_shared_login_ok[safety@tk.com-test1234]" time="0.331" /><testcase classname="tests.test_change_pw_and_delete.TestSharedAccountsIntact" name="test_shared_login_ok[worker@tk.com-test1234]" time="0.333" /><testcase classname="tests.test_change_pw_and_delete.TestSharedAccountsIntact" name="test_shared_login_ok[halfbc175@gmail.com-owner1234]" time="0.336" /></testsuite></testsuites>