<?xml version="1.0" encoding="utf-8"?><testsuites name="pytest tests"><testsuite name="pytest" errors="0" failures="0" skipped="0" tests="5" time="3.368" timestamp="2026-09-06T05:44:12.185667+00:00" hostname="agent-env-6d9b1b40-b15a-4947-a591-39d25462c421"><testcase classname="tests.test_password_reset_fixes.TestAdminOtpResilience" name="test_owner_request_otp_returns_200_and_persists_code" time="1.173" /><testcase classname="tests.test_password_reset_fixes.TestLockoutNotBypassable" name="test_reissue_does_not_reset_attempts" time="1.990" /><testcase classname="tests.test_password_reset_fixes.TestAdminOtpResilience" name="test_non_owner_request_otp_returns_403" time="0.349" /><testcase classname="tests.test_password_reset_fixes.TestAdminOtpResilience" name="test_admin_users_rejects_non_admin_token" time="0.342" /><testcase classname="tests.test_password_reset_fixes.TestForgotPasswordCooldown" name="test_second_call_within_60s_does_not_refresh" time="0.572" /></testsuite></testsuites>