<?xml version="1.0" encoding="utf-8"?><testsuites name="pytest tests"><testsuite name="pytest" errors="0" failures="0" skipped="0" tests="9" time="4.056" timestamp="2026-09-06T05:23:00.626668+00:00" hostname="agent-env-6d9b1b40-b15a-4947-a591-39d25462c421"><testcase classname="tests.test_deploy_config.TestOfficerAccessCodeGate" name="test_officer_without_code_403" time="0.226" /><testcase classname="tests.test_deploy_config.TestOfficerAccessCodeGate" name="test_officer_with_code_200" time="0.350" /><testcase classname="tests.test_deploy_config.TestOfficerAccessCodeGate" name="test_worker_no_code_200" time="0.339" /><testcase classname="tests.test_deploy_config.TestExistingAccountsAuth" name="test_login_and_me[safety@tk.com-test1234]" time="0.445" /><testcase classname="tests.test_deploy_config.TestExistingAccountsAuth" name="test_login_and_me[worker@tk.com-test1234]" time="0.446" /><testcase classname="tests.test_deploy_config.TestExistingAccountsAuth" name="test_login_and_me[halfbc175@gmail.com-owner1234]" time="0.457" /><testcase classname="tests.test_deploy_config.TestAdmin2FA" name="test_owner_request_and_verify_otp" time="0.759" /><testcase classname="tests.test_deploy_config.TestAdmin2FA" name="test_non_owner_request_otp_403" time="0.469" /><testcase classname="tests.test_deploy_config.TestAdmin2FA" name="test_officer_non_owner_request_otp_403" time="0.469" /></testsuite></testsuites>