<?xml version="1.0" encoding="utf-8"?><testsuites name="pytest tests"><testsuite name="pytest" errors="0" failures="0" skipped="0" tests="20" time="3.051" timestamp="2026-09-05T14:52:50.785044+00:00" hostname="agent-env-6d9b1b40-b15a-4947-a591-39d25462c421"><testcase classname="tests.test_backend_api.TestAuthProtection" name="test_dashboard_401" time="0.220" /><testcase classname="tests.test_backend_api.TestAuth" name="test_health_root" time="0.207" /><testcase classname="tests.test_backend_api.TestAuth" name="test_register_duplicate_or_login" time="0.113" /><testcase classname="tests.test_backend_api.TestAuthProtection" name="test_loto_401" time="0.119" /><testcase classname="tests.test_backend_api.TestAuth" name="test_login_success" time="0.279" /><testcase classname="tests.test_backend_api.TestAuthProtection" name="test_access_401" time="0.261" /><testcase classname="tests.test_backend_api.TestAuth" name="test_login_wrong_password" time="0.280" /><testcase classname="tests.test_backend_api.TestAuthProtection" name="test_traffic_401" time="0.285" /><testcase classname="tests.test_backend_api.TestAuth" name="test_me_requires_auth" time="0.164" /><testcase classname="tests.test_backend_api.TestAuthProtection" name="test_incidents_401" time="0.105" /><testcase classname="tests.test_backend_api.TestAuthProtection" name="test_assessments_401" time="0.102" /><testcase classname="tests.test_backend_api.TestAuth" name="test_me_with_token" time="0.509" /><testcase classname="tests.test_backend_api.TestAccess" name="test_signin_signout_flow" time="0.999" /><testcase classname="tests.test_backend_api.TestLoto" name="test_create_list_release" time="0.360" /><testcase classname="tests.test_backend_api.TestLoto" name="test_loto_release_not_found" time="0.128" /><testcase classname="tests.test_backend_api.TestTraffic" name="test_create_and_list" time="0.225" /><testcase classname="tests.test_backend_api.TestAccess" name="test_visitor" time="0.126" /><testcase classname="tests.test_backend_api.TestDashboard" name="test_dashboard_shape" time="0.177" /><testcase classname="tests.test_backend_api.TestIncidents" name="test_create_list_close" time="0.351" /><testcase classname="tests.test_backend_api.TestAI" name="test_list_assessments" time="0.102" /></testsuite></testsuites>