<?xml version="1.0" encoding="utf-8"?><testsuites name="pytest tests"><testsuite name="pytest" errors="0" failures="0" skipped="0" tests="10" time="38.463" timestamp="2026-09-07T04:40:37.644236+00:00" hostname="agent-env-6d9b1b40-b15a-4947-a591-39d25462c421"><testcase classname="tests.test_risk_templates.TestRiskTemplateDetail" name="test_requires_auth" time="0.270" /><testcase classname="tests.test_risk_templates.TestRiskTemplatesList" name="test_requires_auth" time="0.270" /><testcase classname="tests.test_risk_templates.TestRiskTemplateDetail" name="test_get_slicer_template" time="0.608" /><testcase classname="tests.test_risk_templates.TestRiskTemplatesList" name="test_list_returns_8_templates" time="0.683" /><testcase classname="tests.test_risk_templates.TestRiskTemplateDetail" name="test_unknown_id_returns_404" time="0.120" /><testcase classname="tests.test_risk_templates.TestRiskTemplatesList" name="test_list_item_shape" time="0.121" /><testcase classname="tests.test_risk_templates.TestAiAssessTemplate" name="test_ai_assess_from_slicer_template_no_image" time="33.114" /><testcase classname="tests.test_risk_templates.TestRiskTemplatesList" name="test_worker_can_read_templates" time="0.543" /><testcase classname="tests.test_risk_templates.TestAiAssessAuth" name="test_unauth_returns_401" time="0.125" /><testcase classname="tests.test_risk_templates.TestAiAssessRegression" name="test_ai_assess_image_no_template" time="4.037" /></testsuite></testsuites>