<?xml version="1.0" encoding="utf-8"?><testsuites name="pytest tests"><testsuite name="pytest" errors="0" failures="0" skipped="0" tests="59" time="100.641" timestamp="2026-09-06T05:20:50.093199+00:00" hostname="agent-env-6d9b1b40-b15a-4947-a591-39d25462c421"><testcase classname="tests.test_security.TestSEC001Registration" name="test_worker_registers_no_code" time="0.565" /><testcase classname="tests.test_admin_softdelete.TestSoftDelete" name="test_loto_owner_soft_delete" time="1.053" /><testcase classname="tests.test_security.TestSEC001Registration" name="test_contractor_registers_no_code" time="0.334" /><testcase classname="tests.test_security.TestSEC001Registration" name="test_safety_officer_without_code_forbidden" time="0.113" /><testcase classname="tests.test_security.TestSEC001Registration" name="test_supervisor_without_code_forbidden" time="0.263" /><testcase classname="tests.test_security.TestSEC001Registration" name="test_safety_officer_with_code_succeeds" time="0.531" /><testcase classname="tests.test_admin_softdelete.TestSoftDelete" name="test_loto_non_owner_forbidden" time="0.830" /><testcase classname="tests.test_security.TestSEC001Registration" name="test_supervisor_with_code_succeeds" time="0.377" /><testcase classname="tests.test_admin_softdelete.TestSoftDelete" name="test_incident_owner_soft_delete" time="0.676" /><testcase classname="tests.test_security.TestSEC001Registration" name="test_invalid_role_falls_back_to_worker" time="0.369" /><testcase classname="tests.test_security.TestSEC001Registration" name="test_wrong_access_code_is_forbidden" time="0.111" /><testcase classname="tests.test_admin_softdelete.TestSoftDelete" name="test_incident_non_owner_forbidden" time="0.445" /><testcase classname="tests.test_admin_softdelete.TestAdminEndpoints" name="test_normal_jwt_rejected_users_list" time="0.491" /><testcase classname="tests.test_admin_softdelete.TestSoftDelete" name="test_traffic_owner_soft_delete" time="0.517" /><testcase classname="tests.test_admin_softdelete.TestAdminEndpoints" name="test_officer_jwt_rejected" time="0.475" /><testcase classname="tests.test_admin_softdelete.TestSoftDelete" name="test_traffic_non_owner_forbidden" time="0.229" /><testcase classname="tests.test_admin_softdelete.TestSoftDelete" name="test_officer_can_delete_any_loto" time="0.678" /><testcase classname="tests.test_admin_softdelete.TestAdminEndpoints" name="test_list_users_no_password_hash" time="1.409" /><testcase classname="tests.test_admin_softdelete.TestAdminEndpoints" name="test_create_user_and_duplicate" time="0.471" /><testcase classname="tests.test_admin_softdelete.TestAdminEndpoints" name="test_change_role_valid_and_invalid" time="0.574" /><testcase classname="tests.test_admin_softdelete.TestAdminEndpoints" name="test_admin_deleted_list" time="0.356" /><testcase classname="tests.test_security.TestRegression" name="test_health" time="0.106" /><testcase classname="tests.test_security.TestRegression" name="test_login_me" time="0.473" /><testcase classname="tests.test_security.TestRegression" name="test_dashboard" time="0.453" /><testcase classname="tests.test_security.TestRegression" name="test_traffic_flow" time="0.269" /><testcase classname="tests.test_security.TestRegression" name="test_access_signin_signout" time="0.361" /><testcase classname="tests.test_security.TestRegression" name="test_visitor_access" time="0.131" /><testcase classname="tests.test_admin_softdelete.TestClearAll" name="test_clear_all_incidents_worker_only_own" time="1.059" /><testcase classname="tests.test_admin_softdelete.TestClearAll" name="test_clear_all_loto_returns_ok_cleared" time="0.374" /><testcase classname="tests.test_admin_softdelete.TestClearAll" name="test_clear_all_assessments_ok" time="0.113" /><testcase classname="tests.test_admin_softdelete.TestClearAll" name="test_clear_all_equipment_ok" time="0.117" /><testcase classname="tests.test_admin_softdelete.TestClearAll" name="test_clear_all_unknown_module_404" time="0.137" /><testcase classname="tests.test_admin_softdelete.TestAdmin2FA" name="test_non_owner_cannot_request_otp" time="0.117" /><testcase classname="tests.test_admin_softdelete.TestAdmin2FA" name="test_officer_non_owner_cannot_request_otp" time="0.123" /><testcase classname="tests.test_admin_softdelete.TestAdmin2FA" name="test_owner_request_otp_ok_and_stored" time="0.418" /><testcase classname="tests.test_admin_softdelete.TestAdmin2FA" name="test_wrong_otp_401" time="0.437" /><testcase classname="tests.test_admin_softdelete.TestAdmin2FA" name="test_correct_otp_returns_admin_token" time="0.463" /><testcase classname="tests.test_security.TestSEC002bIncidents" name="test_non_owner_forbidden" time="0.699" /><testcase classname="tests.test_security.TestSEC002bIncidents" name="test_owner_can_close" time="0.242" /><testcase classname="tests.test_security.TestSEC002bIncidents" name="test_officer_can_close_any" time="0.237" /><testcase classname="tests.test_security.TestSEC002bIncidents" name="test_invalid_status_422" time="0.284" /><testcase classname="tests.test_security.TestSEC002bIncidents" name="test_missing_incident_404" time="0.111" /><testcase classname="tests.test_security.TestSEC002aLoto" name="test_owner_can_release_own" time="0.234" /><testcase classname="tests.test_security.TestSEC002aLoto" name="test_other_worker_forbidden" time="0.351" /><testcase classname="tests.test_security.TestSEC002aLoto" name="test_safety_officer_can_release_any" time="0.231" /><testcase classname="tests.test_security.TestSEC002aLoto" name="test_invalid_status_422" time="0.250" /><testcase classname="tests.test_security.TestSEC003Files" name="test_owner_can_read" time="22.313" /><testcase classname="tests.test_security.TestSEC003Files" name="test_other_worker_forbidden" time="0.599" /><testcase classname="tests.test_security.TestSEC003Files" name="test_officer_can_read" time="0.706" /><testcase classname="tests.test_security.TestSEC003Files" name="test_traversal_dotdot_rejected" time="0.116" /><testcase classname="tests.test_security.TestSEC003Files" name="test_non_app_prefix_rejected" time="0.125" /><testcase classname="tests.test_security.TestSEC003Files" name="test_missing_auth_401" time="0.125" /><testcase classname="tests.test_admin_softdelete.TestRestoreFlow" name="test_soft_delete_then_restore_incident" time="1.562" /><testcase classname="tests.test_admin_softdelete.TestRestoreFlow" name="test_restore_unknown_collection_404" time="0.127" /><testcase classname="tests.test_admin_softdelete.TestDashboardRegression" name="test_dashboard_has_equipment_fields" time="0.121" /><testcase classname="tests.test_security.TestAssessmentVisibility" name="test_worker_sees_own_only" time="85.478" /><testcase classname="tests.test_security.TestAssessmentVisibility" name="test_officer_sees_all" time="0.246" /><testcase classname="tests.test_security.TestAssessmentVisibility" name="test_worker_cannot_approve" time="0.134" /><testcase classname="tests.test_security.TestAssessmentVisibility" name="test_officer_can_approve" time="0.125" /></testsuite></testsuites>